[2026-03-07 13:43:37] API Called: POST /admin/api.php/chat
[2026-03-07 13:44:05] API Called: POST /api.php/chat
[2026-03-07 13:47:49] API Called: POST /api.php/chat
[2026-03-07 13:49:50] API Called: POST /api.php/chat
[2026-03-08 02:52:47] API Called: GET /admin/api.php/document-image?type=executive_order&number=EXECUTIVE%20ORDER%20NO.%203
[2026-03-08 02:52:55] API Called: GET /admin/api.php/document-image?type=executive_order&number=3
[2026-03-08 02:53:39] API Called: GET /admin/api.php/document-image?type=executive_order&number=04
[2026-03-08 02:54:08] API Called: GET /admin/api.php/document-image?type=executive_order&number=11
[2026-03-08 02:56:04] API Called: GET /admin/api.php/document-image?type=executive_order&number=11
[2026-03-08 02:56:15] API Called: GET /admin/api.php/document-image?type=executive_order&number=04
[2026-03-08 02:56:24] API Called: GET /admin/api.php/document-image?type=executive_order&number=3
[2026-03-08 02:56:33] API Called: GET /admin/api.php/document-image?type=minutes&number=90
[2026-03-08 02:56:34] API Called: GET /admin/api.php/document-image?type=minutes&number=90th%20Regular%20Session
[2026-03-08 03:53:26] API Called: GET /admin/api.php/health
[2026-03-08 03:53:27] API Called: GET /admin/api.php/categories
[2026-03-08 03:55:05] API Called: GET /admin/api.php/health
[2026-03-08 03:55:05] API Called: POST /admin/api.php/chat
[2026-03-08 03:55:36] API Called: GET /admin/api.php/document-image?category=executive_order&number=3
[2026-03-08 03:55:37] API Called: GET /admin/api.php/document-image?category=executive_order&number=04
[2026-03-08 03:55:38] API Called: GET /admin/api.php/document-image?category=minutes_of_meeting&number=90
[2026-03-08 03:55:40] API Called: GET /admin/api.php/document-image?category=minutes_of_meeting&number=90th%20Regular%20Session
[2026-03-08 04:05:56] API Called: OPTIONS /admin/api.php/chat
[2026-03-08 04:05:56] API Called: OPTIONS /admin/api.php/chat
[2026-03-08 04:05:56] API Called: POST /admin/api.php/chat
[2026-03-08 04:06:02] API Called: GET /admin/api.php/document-image?type=executive_order&number=3
